<?xml version="1.0" encoding="UTF-8"?>
<coverage generated="1515770322726" clover="3.2.0">
  <project timestamp="1515770322726" name="All files">
    <metrics statements="125" coveredstatements="76" conditionals="61" coveredconditionals="31" methods="37" coveredmethods="18" elements="223" coveredelements="125" complexity="0" loc="125" ncloc="125" packages="3" files="5" classes="5">
      <package name="src">
        <metrics statements="22" coveredstatements="3" conditionals="8" coveredconditionals="0" methods="11" coveredmethods="1"/>
        <file name="api.js" path="/home/rolf/Documents/school/iapc/swipe/swipe/frontend/src/api.js">
          <metrics statements="22" coveredstatements="3" conditionals="8" coveredconditionals="0" methods="11" coveredmethods="1"/>
          <line num="5" count="2" type="stmt"/>
          <line num="6" count="2" type="stmt"/>
          <line num="9" count="0" type="stmt"/>
          <line num="10" count="0" type="stmt"/>
          <line num="11" count="0" type="stmt"/>
          <line num="14" count="0" type="stmt"/>
          <line num="18" count="0" type="stmt"/>
          <line num="22" count="0" type="stmt"/>
          <line num="24" count="0" type="cond" truecount="0" falsecount="2"/>
          <line num="25" count="0" type="stmt"/>
          <line num="27" count="0" type="stmt"/>
          <line num="34" count="4" type="stmt"/>
          <line num="38" count="0" type="stmt"/>
          <line num="39" count="0" type="stmt"/>
          <line num="53" count="0" type="cond" truecount="0" falsecount="2"/>
          <line num="54" count="0" type="stmt"/>
          <line num="56" count="0" type="stmt"/>
          <line num="60" count="0" type="stmt"/>
          <line num="64" count="0" type="stmt"/>
          <line num="68" count="0" type="stmt"/>
          <line num="73" count="0" type="stmt"/>
          <line num="77" count="0" type="stmt"/>
        </file>
      </package>
      <package name="src.state.auth">
        <metrics statements="87" coveredstatements="57" conditionals="49" coveredconditionals="29" methods="18" coveredmethods="9"/>
        <file name="actions.js" path="/home/rolf/Documents/school/iapc/swipe/swipe/frontend/src/state/auth/actions.js">
          <metrics statements="8" coveredstatements="5" conditionals="0" coveredconditionals="0" methods="8" coveredmethods="5"/>
          <line num="2" count="0" type="stmt"/>
          <line num="10" count="0" type="stmt"/>
          <line num="17" count="4" type="stmt"/>
          <line num="27" count="8" type="stmt"/>
          <line num="34" count="0" type="stmt"/>
          <line num="38" count="2" type="stmt"/>
          <line num="44" count="2" type="stmt"/>
          <line num="51" count="2" type="stmt"/>
        </file>
        <file name="reducer.js" path="/home/rolf/Documents/school/iapc/swipe/swipe/frontend/src/state/auth/reducer.js">
          <metrics statements="20" coveredstatements="10" conditionals="15" coveredconditionals="9" methods="1" coveredmethods="1"/>
          <line num="3" count="1" type="stmt"/>
          <line num="12" count="3" type="cond" truecount="2" falsecount="0"/>
          <line num="13" count="2" type="stmt"/>
          <line num="18" count="1" type="cond" truecount="1" falsecount="1"/>
          <line num="19" count="0" type="stmt"/>
          <line num="24" count="1" type="cond" truecount="1" falsecount="1"/>
          <line num="25" count="0" type="stmt"/>
          <line num="26" count="0" type="stmt"/>
          <line num="33" count="1" type="cond" truecount="1" falsecount="1"/>
          <line num="34" count="0" type="stmt"/>
          <line num="35" count="0" type="stmt"/>
          <line num="43" count="1" type="cond" truecount="1" falsecount="1"/>
          <line num="44" count="0" type="stmt"/>
          <line num="49" count="1" type="cond" truecount="1" falsecount="1"/>
          <line num="50" count="0" type="stmt"/>
          <line num="51" count="0" type="stmt"/>
          <line num="58" count="1" type="cond" truecount="1" falsecount="1"/>
          <line num="59" count="0" type="stmt"/>
          <line num="60" count="0" type="stmt"/>
          <line num="66" count="1" type="stmt"/>
        </file>
        <file name="saga.js" path="/home/rolf/Documents/school/iapc/swipe/swipe/frontend/src/state/auth/saga.js">
          <metrics statements="59" coveredstatements="42" conditionals="34" coveredconditionals="20" methods="9" coveredmethods="3"/>
          <line num="10" count="2" type="stmt"/>
          <line num="12" count="2" type="stmt"/>
          <line num="13" count="2" type="stmt"/>
          <line num="14" count="2" type="stmt"/>
          <line num="15" count="2" type="stmt"/>
          <line num="20" count="2" type="cond" truecount="2" falsecount="0"/>
          <line num="21" count="1" type="stmt"/>
          <line num="25" count="1" type="stmt"/>
          <line num="27" count="1" type="stmt"/>
          <line num="29" count="1" type="stmt"/>
          <line num="31" count="1" type="cond" truecount="1" falsecount="1"/>
          <line num="32" count="1" type="stmt"/>
          <line num="33" count="1" type="stmt"/>
          <line num="36" count="1" type="cond" truecount="2" falsecount="0"/>
          <line num="37" count="1" type="cond" truecount="0" falsecount="2"/>
          <line num="40" count="1" type="cond" truecount="3" falsecount="1"/>
          <line num="41" count="0" type="stmt"/>
          <line num="43" count="1" type="stmt"/>
          <line num="48" count="2" type="stmt"/>
          <line num="50" count="2" type="stmt"/>
          <line num="52" count="2" type="stmt"/>
          <line num="53" count="2" type="stmt"/>
          <line num="54" count="2" type="stmt"/>
          <line num="59" count="2" type="cond" truecount="2" falsecount="0"/>
          <line num="60" count="1" type="stmt"/>
          <line num="63" count="1" type="stmt"/>
          <line num="64" count="1" type="stmt"/>
          <line num="66" count="1" type="stmt"/>
          <line num="71" count="3" type="cond" truecount="2" falsecount="0"/>
          <line num="72" count="1" type="stmt"/>
          <line num="74" count="2" type="stmt"/>
          <line num="76" count="2" type="cond" truecount="6" falsecount="0"/>
          <line num="77" count="1" type="stmt"/>
          <line num="80" count="1" type="stmt"/>
          <line num="82" count="1" type="stmt"/>
          <line num="84" count="1" type="stmt"/>
          <line num="85" count="1" type="stmt"/>
          <line num="87" count="1" type="stmt"/>
          <line num="88" count="1" type="stmt"/>
          <line num="93" count="1" type="cond" truecount="1" falsecount="1"/>
          <line num="94" count="0" type="stmt"/>
          <line num="97" count="1" type="stmt"/>
          <line num="99" count="1" type="cond" truecount="1" falsecount="1"/>
          <line num="100" count="0" type="stmt"/>
          <line num="103" count="1" type="stmt"/>
          <line num="105" count="0" type="stmt"/>
          <line num="110" count="0" type="cond" truecount="0" falsecount="4"/>
          <line num="111" count="0" type="stmt"/>
          <line num="114" count="0" type="stmt"/>
          <line num="118" count="0" type="cond" truecount="0" falsecount="4"/>
          <line num="119" count="0" type="stmt"/>
          <line num="122" count="0" type="stmt"/>
          <line num="126" count="0" type="stmt"/>
          <line num="130" count="0" type="stmt"/>
          <line num="131" count="0" type="stmt"/>
          <line num="132" count="0" type="stmt"/>
          <line num="133" count="0" type="stmt"/>
          <line num="134" count="0" type="stmt"/>
          <line num="135" count="0" type="stmt"/>
        </file>
      </package>
      <package name="src.tools">
        <metrics statements="16" coveredstatements="16" conditionals="4" coveredconditionals="2" methods="8" coveredmethods="8"/>
        <file name="sagaTestHelpers.js" path="/home/rolf/Documents/school/iapc/swipe/swipe/frontend/src/tools/sagaTestHelpers.js">
          <metrics statements="16" coveredstatements="16" conditionals="4" coveredconditionals="2" methods="8" coveredmethods="8"/>
          <line num="2" count="14" type="stmt"/>
          <line num="3" count="7" type="stmt"/>
          <line num="5" count="3" type="stmt"/>
          <line num="6" count="18" type="stmt"/>
          <line num="8" count="1" type="stmt"/>
          <line num="9" count="21" type="stmt"/>
          <line num="11" count="21" type="stmt"/>
          <line num="12" count="42" type="cond" truecount="1" falsecount="1"/>
          <line num="13" count="42" type="stmt"/>
          <line num="17" count="21" type="stmt"/>
          <line num="20" count="1" type="stmt"/>
          <line num="21" count="5" type="stmt"/>
          <line num="23" count="5" type="stmt"/>
          <line num="24" count="8" type="cond" truecount="1" falsecount="1"/>
          <line num="25" count="8" type="stmt"/>
          <line num="29" count="5" type="stmt"/>
        </file>
      </package>
    </metrics>
  </project>
</coverage>
