{"/home/rolf/Documents/school/iapc/swipe/swipe/frontend/src/api.js": {"path":"/home/rolf/Documents/school/iapc/swipe/swipe/frontend/src/api.js","statementMap":{"0":{"start":{"line":5,"column":12},"end":{"line":5,"column":16}},"1":{"start":{"line":6,"column":16},"end":{"line":6,"column":18}},"2":{"start":{"line":9,"column":1},"end":{"line":9,"column":15}},"3":{"start":{"line":10,"column":1},"end":{"line":12,"column":2}},"4":{"start":{"line":11,"column":2},"end":{"line":11,"column":18}},"5":{"start":{"line":14,"column":1},"end":{"line":14,"column":16}},"6":{"start":{"line":18,"column":1},"end":{"line":18,"column":14}},"7":{"start":{"line":22,"column":1},"end":{"line":30,"column":3}},"8":{"start":{"line":24,"column":3},"end":{"line":28,"column":4}},"9":{"start":{"line":25,"column":4},"end":{"line":25,"column":27}},"10":{"start":{"line":27,"column":4},"end":{"line":27,"column":18}},"11":{"start":{"line":34,"column":1},"end":{"line":34,"column":14}},"12":{"start":{"line":38,"column":15},"end":{"line":38,"column":31}},"13":{"start":{"line":39,"column":16},"end":{"line":51,"column":2}},"14":{"start":{"line":53,"column":1},"end":{"line":55,"column":2}},"15":{"start":{"line":54,"column":2},"end":{"line":54,"column":16}},"16":{"start":{"line":56,"column":1},"end":{"line":56,"column":21}},"17":{"start":{"line":60,"column":1},"end":{"line":60,"column":34}},"18":{"start":{"line":64,"column":1},"end":{"line":64,"column":43}},"19":{"start":{"line":68,"column":1},"end":{"line":68,"column":42}},"20":{"start":{"line":73,"column":1},"end":{"line":73,"column":45}},"21":{"start":{"line":77,"column":1},"end":{"line":77,"column":44}}},"fnMap":{"0":{"name":"setToken","decl":{"start":{"line":8,"column":16},"end":{"line":8,"column":24}},"loc":{"start":{"line":8,"column":32},"end":{"line":15,"column":1}},"line":8},"1":{"name":"__getTokenDangerous","decl":{"start":{"line":17,"column":16},"end":{"line":17,"column":35}},"loc":{"start":{"line":17,"column":38},"end":{"line":19,"column":1}},"line":17},"2":{"name":"getToken","decl":{"start":{"line":21,"column":16},"end":{"line":21,"column":24}},"loc":{"start":{"line":21,"column":27},"end":{"line":31,"column":1}},"line":21},"3":{"name":"(anonymous_3)","decl":{"start":{"line":23,"column":2},"end":{"line":23,"column":3}},"loc":{"start":{"line":23,"column":12},"end":{"line":29,"column":3}},"line":23},"4":{"name":"__unsafeGetToken","decl":{"start":{"line":33,"column":16},"end":{"line":33,"column":32}},"loc":{"start":{"line":33,"column":35},"end":{"line":35,"column":1}},"line":33},"5":{"name":"request","decl":{"start":{"line":37,"column":15},"end":{"line":37,"column":22}},"loc":{"start":{"line":37,"column":76},"end":{"line":57,"column":1}},"line":37},"6":{"name":"get","decl":{"start":{"line":59,"column":16},"end":{"line":59,"column":19}},"loc":{"start":{"line":59,"column":31},"end":{"line":61,"column":1}},"line":59},"7":{"name":"post","decl":{"start":{"line":63,"column":16},"end":{"line":63,"column":20}},"loc":{"start":{"line":63,"column":40},"end":{"line":65,"column":1}},"line":63},"8":{"name":"put","decl":{"start":{"line":67,"column":16},"end":{"line":67,"column":19}},"loc":{"start":{"line":67,"column":39},"end":{"line":69,"column":1}},"line":67},"9":{"name":"del","decl":{"start":{"line":72,"column":16},"end":{"line":72,"column":19}},"loc":{"start":{"line":72,"column":39},"end":{"line":74,"column":1}},"line":72},"10":{"name":"patch","decl":{"start":{"line":76,"column":16},"end":{"line":76,"column":21}},"loc":{"start":{"line":76,"column":41},"end":{"line":78,"column":1}},"line":76}},"branchMap":{"0":{"loc":{"start":{"line":24,"column":3},"end":{"line":28,"column":4}},"type":"if","locations":[{"start":{"line":24,"column":3},"end":{"line":28,"column":4}},{"start":{"line":24,"column":3},"end":{"line":28,"column":4}}],"line":24},"1":{"loc":{"start":{"line":37,"column":36},"end":{"line":37,"column":66}},"type":"default-arg","locations":[{"start":{"line":37,"column":64},"end":{"line":37,"column":66}}],"line":37},"2":{"loc":{"start":{"line":37,"column":38},"end":{"line":37,"column":50}},"type":"default-arg","locations":[{"start":{"line":37,"column":48},"end":{"line":37,"column":50}}],"line":37},"3":{"loc":{"start":{"line":48,"column":9},"end":{"line":48,"column":52}},"type":"cond-expr","locations":[{"start":{"line":48,"column":18},"end":{"line":48,"column":40}},{"start":{"line":48,"column":43},"end":{"line":48,"column":52}}],"line":48},"4":{"loc":{"start":{"line":53,"column":1},"end":{"line":55,"column":2}},"type":"if","locations":[{"start":{"line":53,"column":1},"end":{"line":55,"column":2}},{"start":{"line":53,"column":1},"end":{"line":55,"column":2}}],"line":53}},"s":{"0":2,"1":2,"2":0,"3":0,"4":0,"5":0,"6":0,"7":0,"8":0,"9":0,"10":0,"11":4,"12":0,"13":0,"14":0,"15":0,"16":0,"17":0,"18":0,"19":0,"20":0,"21":0},"f":{"0":0,"1":0,"2":0,"3":0,"4":4,"5":0,"6":0,"7":0,"8":0,"9":0,"10":0},"b":{"0":[0,0],"1":[0],"2":[0],"3":[0,0],"4":[0,0]},"_coverageSchema":"332fd63041d2c1bcb487cc26dd0d5f7d97098a6c","hash":"8609d22b4b500fc04c03ec7bb5e3f82211c90e04"}
,"/home/rolf/Documents/school/iapc/swipe/swipe/frontend/src/state/auth/actions.js": {"path":"/home/rolf/Documents/school/iapc/swipe/swipe/frontend/src/state/auth/actions.js","statementMap":{"0":{"start":{"line":2,"column":1},"end":{"line":6,"column":3}},"1":{"start":{"line":10,"column":1},"end":{"line":13,"column":3}},"2":{"start":{"line":17,"column":1},"end":{"line":23,"column":3}},"3":{"start":{"line":27,"column":1},"end":{"line":30,"column":3}},"4":{"start":{"line":34,"column":1},"end":{"line":34,"column":38}},"5":{"start":{"line":38,"column":1},"end":{"line":40,"column":3}},"6":{"start":{"line":44,"column":1},"end":{"line":47,"column":3}},"7":{"start":{"line":51,"column":1},"end":{"line":54,"column":3}}},"fnMap":{"0":{"name":"startLogin","decl":{"start":{"line":1,"column":16},"end":{"line":1,"column":26}},"loc":{"start":{"line":1,"column":47},"end":{"line":7,"column":1}},"line":1},"1":{"name":"loginRestore","decl":{"start":{"line":9,"column":16},"end":{"line":9,"column":28}},"loc":{"start":{"line":9,"column":42},"end":{"line":14,"column":1}},"line":9},"2":{"name":"loginSuccess","decl":{"start":{"line":16,"column":16},"end":{"line":16,"column":28}},"loc":{"start":{"line":16,"column":42},"end":{"line":24,"column":1}},"line":16},"3":{"name":"loginError","decl":{"start":{"line":26,"column":16},"end":{"line":26,"column":26}},"loc":{"start":{"line":26,"column":34},"end":{"line":31,"column":1}},"line":26},"4":{"name":"logout","decl":{"start":{"line":33,"column":16},"end":{"line":33,"column":22}},"loc":{"start":{"line":33,"column":25},"end":{"line":35,"column":1}},"line":33},"5":{"name":"logoutSuccess","decl":{"start":{"line":37,"column":16},"end":{"line":37,"column":29}},"loc":{"start":{"line":37,"column":32},"end":{"line":41,"column":1}},"line":37},"6":{"name":"logoutError","decl":{"start":{"line":43,"column":16},"end":{"line":43,"column":27}},"loc":{"start":{"line":43,"column":35},"end":{"line":48,"column":1}},"line":43},"7":{"name":"setRouteAfterAuthentication","decl":{"start":{"line":50,"column":16},"end":{"line":50,"column":43}},"loc":{"start":{"line":50,"column":51},"end":{"line":55,"column":1}},"line":50}},"branchMap":{},"s":{"0":0,"1":0,"2":4,"3":8,"4":0,"5":2,"6":2,"7":2},"f":{"0":0,"1":0,"2":4,"3":8,"4":0,"5":2,"6":2,"7":2},"b":{},"_coverageSchema":"332fd63041d2c1bcb487cc26dd0d5f7d97098a6c","hash":"6c2c17803b97c07105096a3cf14e1ca8cd56a4f4"}
,"/home/rolf/Documents/school/iapc/swipe/swipe/frontend/src/state/auth/reducer.js": {"path":"/home/rolf/Documents/school/iapc/swipe/swipe/frontend/src/state/auth/reducer.js","statementMap":{"0":{"start":{"line":3,"column":21},"end":{"line":9,"column":1}},"1":{"start":{"line":12,"column":1},"end":{"line":17,"column":2}},"2":{"start":{"line":13,"column":2},"end":{"line":16,"column":4}},"3":{"start":{"line":18,"column":1},"end":{"line":23,"column":2}},"4":{"start":{"line":19,"column":2},"end":{"line":22,"column":4}},"5":{"start":{"line":24,"column":1},"end":{"line":32,"column":2}},"6":{"start":{"line":25,"column":2},"end":{"line":25,"column":30}},"7":{"start":{"line":26,"column":2},"end":{"line":31,"column":4}},"8":{"start":{"line":33,"column":1},"end":{"line":42,"column":2}},"9":{"start":{"line":34,"column":2},"end":{"line":34,"column":17}},"10":{"start":{"line":35,"column":2},"end":{"line":41,"column":4}},"11":{"start":{"line":43,"column":1},"end":{"line":48,"column":2}},"12":{"start":{"line":44,"column":2},"end":{"line":47,"column":4}},"13":{"start":{"line":49,"column":1},"end":{"line":57,"column":2}},"14":{"start":{"line":50,"column":2},"end":{"line":50,"column":17}},"15":{"start":{"line":51,"column":2},"end":{"line":56,"column":4}},"16":{"start":{"line":58,"column":1},"end":{"line":65,"column":2}},"17":{"start":{"line":59,"column":2},"end":{"line":59,"column":17}},"18":{"start":{"line":60,"column":2},"end":{"line":64,"column":4}},"19":{"start":{"line":66,"column":1},"end":{"line":66,"column":14}}},"fnMap":{"0":{"name":"authenticationReducer","decl":{"start":{"line":11,"column":24},"end":{"line":11,"column":45}},"loc":{"start":{"line":11,"column":76},"end":{"line":67,"column":1}},"line":11}},"branchMap":{"0":{"loc":{"start":{"line":11,"column":46},"end":{"line":11,"column":66}},"type":"default-arg","locations":[{"start":{"line":11,"column":54},"end":{"line":11,"column":66}}],"line":11},"1":{"loc":{"start":{"line":12,"column":1},"end":{"line":17,"column":2}},"type":"if","locations":[{"start":{"line":12,"column":1},"end":{"line":17,"column":2}},{"start":{"line":12,"column":1},"end":{"line":17,"column":2}}],"line":12},"2":{"loc":{"start":{"line":18,"column":1},"end":{"line":23,"column":2}},"type":"if","locations":[{"start":{"line":18,"column":1},"end":{"line":23,"column":2}},{"start":{"line":18,"column":1},"end":{"line":23,"column":2}}],"line":18},"3":{"loc":{"start":{"line":24,"column":1},"end":{"line":32,"column":2}},"type":"if","locations":[{"start":{"line":24,"column":1},"end":{"line":32,"column":2}},{"start":{"line":24,"column":1},"end":{"line":32,"column":2}}],"line":24},"4":{"loc":{"start":{"line":33,"column":1},"end":{"line":42,"column":2}},"type":"if","locations":[{"start":{"line":33,"column":1},"end":{"line":42,"column":2}},{"start":{"line":33,"column":1},"end":{"line":42,"column":2}}],"line":33},"5":{"loc":{"start":{"line":43,"column":1},"end":{"line":48,"column":2}},"type":"if","locations":[{"start":{"line":43,"column":1},"end":{"line":48,"column":2}},{"start":{"line":43,"column":1},"end":{"line":48,"column":2}}],"line":43},"6":{"loc":{"start":{"line":49,"column":1},"end":{"line":57,"column":2}},"type":"if","locations":[{"start":{"line":49,"column":1},"end":{"line":57,"column":2}},{"start":{"line":49,"column":1},"end":{"line":57,"column":2}}],"line":49},"7":{"loc":{"start":{"line":58,"column":1},"end":{"line":65,"column":2}},"type":"if","locations":[{"start":{"line":58,"column":1},"end":{"line":65,"column":2}},{"start":{"line":58,"column":1},"end":{"line":65,"column":2}}],"line":58}},"s":{"0":1,"1":3,"2":2,"3":1,"4":0,"5":1,"6":0,"7":0,"8":1,"9":0,"10":0,"11":1,"12":0,"13":1,"14":0,"15":0,"16":1,"17":0,"18":0,"19":1},"f":{"0":3},"b":{"0":[2],"1":[2,1],"2":[0,1],"3":[0,1],"4":[0,1],"5":[0,1],"6":[0,1],"7":[0,1]},"_coverageSchema":"332fd63041d2c1bcb487cc26dd0d5f7d97098a6c","hash":"137f4e693058f55db3e52301aefdc9ddcb6a38d4"}
,"/home/rolf/Documents/school/iapc/swipe/swipe/frontend/src/state/auth/saga.js": {"path":"/home/rolf/Documents/school/iapc/swipe/swipe/frontend/src/state/auth/saga.js","statementMap":{"0":{"start":{"line":10,"column":14},"end":{"line":10,"column":28}},"1":{"start":{"line":12,"column":1},"end":{"line":12,"column":35}},"2":{"start":{"line":13,"column":1},"end":{"line":13,"column":35}},"3":{"start":{"line":14,"column":1},"end":{"line":44,"column":2}},"4":{"start":{"line":15,"column":17},"end":{"line":18,"column":4}},"5":{"start":{"line":20,"column":2},"end":{"line":22,"column":3}},"6":{"start":{"line":21,"column":3},"end":{"line":21,"column":29}},"7":{"start":{"line":25,"column":15},"end":{"line":25,"column":34}},"8":{"start":{"line":27,"column":2},"end":{"line":27,"column":55}},"9":{"start":{"line":29,"column":20},"end":{"line":29,"column":63}},"10":{"start":{"line":29,"column":42},"end":{"line":29,"column":62}},"11":{"start":{"line":31,"column":2},"end":{"line":34,"column":3}},"12":{"start":{"line":32,"column":3},"end":{"line":32,"column":30}},"13":{"start":{"line":33,"column":3},"end":{"line":33,"column":48}},"14":{"start":{"line":36,"column":2},"end":{"line":36,"column":60}},"15":{"start":{"line":37,"column":12},"end":{"line":37,"column":74}},"16":{"start":{"line":37,"column":34},"end":{"line":37,"column":73}},"17":{"start":{"line":40,"column":2},"end":{"line":42,"column":3}},"18":{"start":{"line":41,"column":3},"end":{"line":41,"column":57}},"19":{"start":{"line":43,"column":2},"end":{"line":43,"column":30}},"20":{"start":{"line":48,"column":15},"end":{"line":48,"column":33}},"21":{"start":{"line":50,"column":14},"end":{"line":50,"column":28}},"22":{"start":{"line":52,"column":1},"end":{"line":52,"column":29}},"23":{"start":{"line":53,"column":1},"end":{"line":67,"column":2}},"24":{"start":{"line":54,"column":17},"end":{"line":57,"column":4}},"25":{"start":{"line":59,"column":2},"end":{"line":61,"column":3}},"26":{"start":{"line":60,"column":3},"end":{"line":60,"column":16}},"27":{"start":{"line":63,"column":2},"end":{"line":63,"column":29}},"28":{"start":{"line":64,"column":2},"end":{"line":64,"column":44}},"29":{"start":{"line":66,"column":2},"end":{"line":66,"column":29}},"30":{"start":{"line":71,"column":1},"end":{"line":73,"column":2}},"31":{"start":{"line":72,"column":2},"end":{"line":72,"column":49}},"32":{"start":{"line":74,"column":16},"end":{"line":74,"column":32}},"33":{"start":{"line":76,"column":1},"end":{"line":78,"column":2}},"34":{"start":{"line":77,"column":2},"end":{"line":77,"column":49}},"35":{"start":{"line":80,"column":38},"end":{"line":80,"column":44}},"36":{"start":{"line":82,"column":14},"end":{"line":82,"column":28}},"37":{"start":{"line":84,"column":1},"end":{"line":84,"column":29}},"38":{"start":{"line":85,"column":1},"end":{"line":85,"column":35}},"39":{"start":{"line":87,"column":1},"end":{"line":106,"column":2}},"40":{"start":{"line":88,"column":17},"end":{"line":91,"column":4}},"41":{"start":{"line":93,"column":2},"end":{"line":95,"column":3}},"42":{"start":{"line":94,"column":3},"end":{"line":94,"column":16}},"43":{"start":{"line":97,"column":15},"end":{"line":97,"column":34}},"44":{"start":{"line":99,"column":2},"end":{"line":101,"column":3}},"45":{"start":{"line":100,"column":3},"end":{"line":100,"column":14}},"46":{"start":{"line":103,"column":2},"end":{"line":103,"column":45}},"47":{"start":{"line":105,"column":2},"end":{"line":105,"column":28}},"48":{"start":{"line":110,"column":1},"end":{"line":112,"column":2}},"49":{"start":{"line":111,"column":2},"end":{"line":111,"column":9}},"50":{"start":{"line":114,"column":1},"end":{"line":114,"column":82}},"51":{"start":{"line":118,"column":1},"end":{"line":120,"column":2}},"52":{"start":{"line":119,"column":2},"end":{"line":119,"column":9}},"53":{"start":{"line":122,"column":1},"end":{"line":122,"column":61}},"54":{"start":{"line":126,"column":1},"end":{"line":126,"column":42}},"55":{"start":{"line":130,"column":1},"end":{"line":130,"column":44}},"56":{"start":{"line":131,"column":1},"end":{"line":131,"column":57}},"57":{"start":{"line":132,"column":1},"end":{"line":132,"column":52}},"58":{"start":{"line":133,"column":1},"end":{"line":133,"column":53}},"59":{"start":{"line":134,"column":1},"end":{"line":134,"column":46}},"60":{"start":{"line":135,"column":1},"end":{"line":135,"column":59}}},"fnMap":{"0":{"name":"login","decl":{"start":{"line":9,"column":17},"end":{"line":9,"column":22}},"loc":{"start":{"line":9,"column":47},"end":{"line":45,"column":1}},"line":9},"1":{"name":"(anonymous_1)","decl":{"start":{"line":29,"column":33},"end":{"line":29,"column":34}},"loc":{"start":{"line":29,"column":42},"end":{"line":29,"column":62}},"line":29},"2":{"name":"(anonymous_2)","decl":{"start":{"line":37,"column":25},"end":{"line":37,"column":26}},"loc":{"start":{"line":37,"column":34},"end":{"line":37,"column":73}},"line":37},"3":{"name":"logout","decl":{"start":{"line":47,"column":17},"end":{"line":47,"column":23}},"loc":{"start":{"line":47,"column":26},"end":{"line":68,"column":1}},"line":47},"4":{"name":"loginRestore","decl":{"start":{"line":70,"column":17},"end":{"line":70,"column":29}},"loc":{"start":{"line":70,"column":47},"end":{"line":107,"column":1}},"line":70},"5":{"name":"saveLoginDetails","decl":{"start":{"line":109,"column":16},"end":{"line":109,"column":32}},"loc":{"start":{"line":109,"column":41},"end":{"line":115,"column":1}},"line":109},"6":{"name":"saveLogoutDetails","decl":{"start":{"line":117,"column":16},"end":{"line":117,"column":33}},"loc":{"start":{"line":117,"column":36},"end":{"line":123,"column":1}},"line":117},"7":{"name":"redirectLogin","decl":{"start":{"line":125,"column":17},"end":{"line":125,"column":30}},"loc":{"start":{"line":125,"column":33},"end":{"line":127,"column":1}},"line":125},"8":{"name":"saga","decl":{"start":{"line":129,"column":17},"end":{"line":129,"column":21}},"loc":{"start":{"line":129,"column":24},"end":{"line":136,"column":1}},"line":129}},"branchMap":{"0":{"loc":{"start":{"line":20,"column":2},"end":{"line":22,"column":3}},"type":"if","locations":[{"start":{"line":20,"column":2},"end":{"line":22,"column":3}},{"start":{"line":20,"column":2},"end":{"line":22,"column":3}}],"line":20},"1":{"loc":{"start":{"line":31,"column":2},"end":{"line":34,"column":3}},"type":"if","locations":[{"start":{"line":31,"column":2},"end":{"line":34,"column":3}},{"start":{"line":31,"column":2},"end":{"line":34,"column":3}}],"line":31},"2":{"loc":{"start":{"line":36,"column":31},"end":{"line":36,"column":57}},"type":"binary-expr","locations":[{"start":{"line":36,"column":31},"end":{"line":36,"column":49}},{"start":{"line":36,"column":53},"end":{"line":36,"column":57}}],"line":36},"3":{"loc":{"start":{"line":37,"column":34},"end":{"line":37,"column":73}},"type":"binary-expr","locations":[{"start":{"line":37,"column":34},"end":{"line":37,"column":50}},{"start":{"line":37,"column":54},"end":{"line":37,"column":73}}],"line":37},"4":{"loc":{"start":{"line":40,"column":2},"end":{"line":42,"column":3}},"type":"if","locations":[{"start":{"line":40,"column":2},"end":{"line":42,"column":3}},{"start":{"line":40,"column":2},"end":{"line":42,"column":3}}],"line":40},"5":{"loc":{"start":{"line":40,"column":6},"end":{"line":40,"column":39}},"type":"binary-expr","locations":[{"start":{"line":40,"column":6},"end":{"line":40,"column":18}},{"start":{"line":40,"column":22},"end":{"line":40,"column":39}}],"line":40},"6":{"loc":{"start":{"line":59,"column":2},"end":{"line":61,"column":3}},"type":"if","locations":[{"start":{"line":59,"column":2},"end":{"line":61,"column":3}},{"start":{"line":59,"column":2},"end":{"line":61,"column":3}}],"line":59},"7":{"loc":{"start":{"line":71,"column":1},"end":{"line":73,"column":2}},"type":"if","locations":[{"start":{"line":71,"column":1},"end":{"line":73,"column":2}},{"start":{"line":71,"column":1},"end":{"line":73,"column":2}}],"line":71},"8":{"loc":{"start":{"line":76,"column":1},"end":{"line":78,"column":2}},"type":"if","locations":[{"start":{"line":76,"column":1},"end":{"line":78,"column":2}},{"start":{"line":76,"column":1},"end":{"line":78,"column":2}}],"line":76},"9":{"loc":{"start":{"line":76,"column":7},"end":{"line":76,"column":68}},"type":"binary-expr","locations":[{"start":{"line":76,"column":7},"end":{"line":76,"column":13}},{"start":{"line":76,"column":17},"end":{"line":76,"column":29}},{"start":{"line":76,"column":33},"end":{"line":76,"column":44}},{"start":{"line":76,"column":48},"end":{"line":76,"column":68}}],"line":76},"10":{"loc":{"start":{"line":93,"column":2},"end":{"line":95,"column":3}},"type":"if","locations":[{"start":{"line":93,"column":2},"end":{"line":95,"column":3}},{"start":{"line":93,"column":2},"end":{"line":95,"column":3}}],"line":93},"11":{"loc":{"start":{"line":99,"column":2},"end":{"line":101,"column":3}},"type":"if","locations":[{"start":{"line":99,"column":2},"end":{"line":101,"column":3}},{"start":{"line":99,"column":2},"end":{"line":101,"column":3}}],"line":99},"12":{"loc":{"start":{"line":110,"column":1},"end":{"line":112,"column":2}},"type":"if","locations":[{"start":{"line":110,"column":1},"end":{"line":112,"column":2}},{"start":{"line":110,"column":1},"end":{"line":112,"column":2}}],"line":110},"13":{"loc":{"start":{"line":110,"column":5},"end":{"line":110,"column":36}},"type":"binary-expr","locations":[{"start":{"line":110,"column":5},"end":{"line":110,"column":12}},{"start":{"line":110,"column":16},"end":{"line":110,"column":36}}],"line":110},"14":{"loc":{"start":{"line":118,"column":1},"end":{"line":120,"column":2}},"type":"if","locations":[{"start":{"line":118,"column":1},"end":{"line":120,"column":2}},{"start":{"line":118,"column":1},"end":{"line":120,"column":2}}],"line":118},"15":{"loc":{"start":{"line":118,"column":5},"end":{"line":118,"column":36}},"type":"binary-expr","locations":[{"start":{"line":118,"column":5},"end":{"line":118,"column":12}},{"start":{"line":118,"column":16},"end":{"line":118,"column":36}}],"line":118}},"s":{"0":2,"1":2,"2":2,"3":2,"4":2,"5":2,"6":1,"7":1,"8":1,"9":1,"10":0,"11":1,"12":1,"13":1,"14":1,"15":1,"16":0,"17":1,"18":0,"19":1,"20":2,"21":2,"22":2,"23":2,"24":2,"25":2,"26":1,"27":1,"28":1,"29":1,"30":3,"31":1,"32":2,"33":2,"34":1,"35":1,"36":1,"37":1,"38":1,"39":1,"40":1,"41":1,"42":0,"43":1,"44":1,"45":0,"46":1,"47":0,"48":0,"49":0,"50":0,"51":0,"52":0,"53":0,"54":0,"55":0,"56":0,"57":0,"58":0,"59":0,"60":0},"f":{"0":2,"1":0,"2":0,"3":2,"4":3,"5":0,"6":0,"7":0,"8":0},"b":{"0":[1,1],"1":[1,0],"2":[1,1],"3":[0,0],"4":[0,1],"5":[1,1],"6":[1,1],"7":[1,2],"8":[1,1],"9":[2,1,1,1],"10":[0,1],"11":[0,1],"12":[0,0],"13":[0,0],"14":[0,0],"15":[0,0]},"_coverageSchema":"332fd63041d2c1bcb487cc26dd0d5f7d97098a6c","hash":"3e5fbf95a751ac944d7ee61dba6db0d1abe07689"}
,"/home/rolf/Documents/school/iapc/swipe/swipe/frontend/src/tools/sagaTestHelpers.js": {"path":"/home/rolf/Documents/school/iapc/swipe/swipe/frontend/src/tools/sagaTestHelpers.js","statementMap":{"0":{"start":{"line":2,"column":23},"end":{"line":2,"column":64}},"1":{"start":{"line":2,"column":33},"end":{"line":2,"column":64}},"2":{"start":{"line":3,"column":20},"end":{"line":3,"column":60}},"3":{"start":{"line":3,"column":30},"end":{"line":3,"column":60}},"4":{"start":{"line":5,"column":23},"end":{"line":5,"column":86}},"5":{"start":{"line":5,"column":38},"end":{"line":5,"column":86}},"6":{"start":{"line":5,"column":48},"end":{"line":5,"column":86}},"7":{"start":{"line":6,"column":24},"end":{"line":6,"column":96}},"8":{"start":{"line":6,"column":39},"end":{"line":6,"column":96}},"9":{"start":{"line":6,"column":49},"end":{"line":6,"column":96}},"10":{"start":{"line":8,"column":24},"end":{"line":18,"column":1}},"11":{"start":{"line":9,"column":16},"end":{"line":9,"column":39}},"12":{"start":{"line":11,"column":1},"end":{"line":15,"column":2}},"13":{"start":{"line":12,"column":2},"end":{"line":14,"column":3}},"14":{"start":{"line":13,"column":3},"end":{"line":13,"column":20}},"15":{"start":{"line":17,"column":1},"end":{"line":17,"column":15}},"16":{"start":{"line":20,"column":22},"end":{"line":30,"column":1}},"17":{"start":{"line":21,"column":14},"end":{"line":21,"column":28}},"18":{"start":{"line":23,"column":1},"end":{"line":27,"column":2}},"19":{"start":{"line":24,"column":2},"end":{"line":26,"column":3}},"20":{"start":{"line":25,"column":3},"end":{"line":25,"column":37}},"21":{"start":{"line":29,"column":1},"end":{"line":29,"column":13}}},"fnMap":{"0":{"name":"(anonymous_0)","decl":{"start":{"line":2,"column":23},"end":{"line":2,"column":24}},"loc":{"start":{"line":2,"column":33},"end":{"line":2,"column":64}},"line":2},"1":{"name":"(anonymous_1)","decl":{"start":{"line":3,"column":20},"end":{"line":3,"column":21}},"loc":{"start":{"line":3,"column":30},"end":{"line":3,"column":60}},"line":3},"2":{"name":"(anonymous_2)","decl":{"start":{"line":5,"column":23},"end":{"line":5,"column":24}},"loc":{"start":{"line":5,"column":38},"end":{"line":5,"column":86}},"line":5},"3":{"name":"(anonymous_3)","decl":{"start":{"line":5,"column":38},"end":{"line":5,"column":39}},"loc":{"start":{"line":5,"column":48},"end":{"line":5,"column":86}},"line":5},"4":{"name":"(anonymous_4)","decl":{"start":{"line":6,"column":24},"end":{"line":6,"column":25}},"loc":{"start":{"line":6,"column":39},"end":{"line":6,"column":96}},"line":6},"5":{"name":"(anonymous_5)","decl":{"start":{"line":6,"column":39},"end":{"line":6,"column":40}},"loc":{"start":{"line":6,"column":49},"end":{"line":6,"column":96}},"line":6},"6":{"name":"(anonymous_6)","decl":{"start":{"line":8,"column":24},"end":{"line":8,"column":25}},"loc":{"start":{"line":8,"column":55},"end":{"line":18,"column":1}},"line":8},"7":{"name":"(anonymous_7)","decl":{"start":{"line":20,"column":22},"end":{"line":20,"column":23}},"loc":{"start":{"line":20,"column":32},"end":{"line":30,"column":1}},"line":20}},"branchMap":{"0":{"loc":{"start":{"line":12,"column":2},"end":{"line":14,"column":3}},"type":"if","locations":[{"start":{"line":12,"column":2},"end":{"line":14,"column":3}},{"start":{"line":12,"column":2},"end":{"line":14,"column":3}}],"line":12},"1":{"loc":{"start":{"line":24,"column":2},"end":{"line":26,"column":3}},"type":"if","locations":[{"start":{"line":24,"column":2},"end":{"line":26,"column":3}},{"start":{"line":24,"column":2},"end":{"line":26,"column":3}}],"line":24}},"s":{"0":1,"1":14,"2":1,"3":7,"4":1,"5":3,"6":3,"7":1,"8":18,"9":18,"10":1,"11":21,"12":21,"13":42,"14":42,"15":21,"16":1,"17":5,"18":5,"19":8,"20":8,"21":5},"f":{"0":14,"1":7,"2":3,"3":3,"4":18,"5":18,"6":21,"7":5},"b":{"0":[42,0],"1":[8,0]},"_coverageSchema":"332fd63041d2c1bcb487cc26dd0d5f7d97098a6c","hash":"e912199e7f78678d4ce7f3b7d1419fda94a71fe8"}
}
