TN:
SF:/home/rolf/Documents/school/iapc/swipe/swipe/frontend/src/api.js
FN:8,setToken
FN:17,__getTokenDangerous
FN:21,getToken
FN:23,(anonymous_3)
FN:33,__unsafeGetToken
FN:37,request
FN:59,get
FN:63,post
FN:67,put
FN:72,del
FN:76,patch
FNF:11
FNH:1
FNDA:0,setToken
FNDA:0,__getTokenDangerous
FNDA:0,getToken
FNDA:0,(anonymous_3)
FNDA:4,__unsafeGetToken
FNDA:0,request
FNDA:0,get
FNDA:0,post
FNDA:0,put
FNDA:0,del
FNDA:0,patch
DA:5,2
DA:6,2
DA:9,0
DA:10,0
DA:11,0
DA:14,0
DA:18,0
DA:22,0
DA:24,0
DA:25,0
DA:27,0
DA:34,4
DA:38,0
DA:39,0
DA:53,0
DA:54,0
DA:56,0
DA:60,0
DA:64,0
DA:68,0
DA:73,0
DA:77,0
LF:22
LH:3
BRDA:24,0,0,0
BRDA:24,0,1,0
BRDA:37,1,0,0
BRDA:37,2,0,0
BRDA:48,3,0,0
BRDA:48,3,1,0
BRDA:53,4,0,0
BRDA:53,4,1,0
BRF:8
BRH:0
end_of_record
TN:
SF:/home/rolf/Documents/school/iapc/swipe/swipe/frontend/src/state/auth/actions.js
FN:1,startLogin
FN:9,loginRestore
FN:16,loginSuccess
FN:26,loginError
FN:33,logout
FN:37,logoutSuccess
FN:43,logoutError
FN:50,setRouteAfterAuthentication
FNF:8
FNH:5
FNDA:0,startLogin
FNDA:0,loginRestore
FNDA:4,loginSuccess
FNDA:8,loginError
FNDA:0,logout
FNDA:2,logoutSuccess
FNDA:2,logoutError
FNDA:2,setRouteAfterAuthentication
DA:2,0
DA:10,0
DA:17,4
DA:27,8
DA:34,0
DA:38,2
DA:44,2
DA:51,2
LF:8
LH:5
BRF:0
BRH:0
end_of_record
TN:
SF:/home/rolf/Documents/school/iapc/swipe/swipe/frontend/src/state/auth/reducer.js
FN:11,authenticationReducer
FNF:1
FNH:1
FNDA:3,authenticationReducer
DA:3,1
DA:12,3
DA:13,2
DA:18,1
DA:19,0
DA:24,1
DA:25,0
DA:26,0
DA:33,1
DA:34,0
DA:35,0
DA:43,1
DA:44,0
DA:49,1
DA:50,0
DA:51,0
DA:58,1
DA:59,0
DA:60,0
DA:66,1
LF:20
LH:10
BRDA:11,0,0,2
BRDA:12,1,0,2
BRDA:12,1,1,1
BRDA:18,2,0,0
BRDA:18,2,1,1
BRDA:24,3,0,0
BRDA:24,3,1,1
BRDA:33,4,0,0
BRDA:33,4,1,1
BRDA:43,5,0,0
BRDA:43,5,1,1
BRDA:49,6,0,0
BRDA:49,6,1,1
BRDA:58,7,0,0
BRDA:58,7,1,1
BRF:15
BRH:9
end_of_record
TN:
SF:/home/rolf/Documents/school/iapc/swipe/swipe/frontend/src/state/auth/saga.js
FN:9,login
FN:29,(anonymous_1)
FN:37,(anonymous_2)
FN:47,logout
FN:70,loginRestore
FN:109,saveLoginDetails
FN:117,saveLogoutDetails
FN:125,redirectLogin
FN:129,saga
FNF:9
FNH:3
FNDA:2,login
FNDA:0,(anonymous_1)
FNDA:0,(anonymous_2)
FNDA:2,logout
FNDA:3,loginRestore
FNDA:0,saveLoginDetails
FNDA:0,saveLogoutDetails
FNDA:0,redirectLogin
FNDA:0,saga
DA:10,2
DA:12,2
DA:13,2
DA:14,2
DA:15,2
DA:20,2
DA:21,1
DA:25,1
DA:27,1
DA:29,1
DA:31,1
DA:32,1
DA:33,1
DA:36,1
DA:37,1
DA:40,1
DA:41,0
DA:43,1
DA:48,2
DA:50,2
DA:52,2
DA:53,2
DA:54,2
DA:59,2
DA:60,1
DA:63,1
DA:64,1
DA:66,1
DA:71,3
DA:72,1
DA:74,2
DA:76,2
DA:77,1
DA:80,1
DA:82,1
DA:84,1
DA:85,1
DA:87,1
DA:88,1
DA:93,1
DA:94,0
DA:97,1
DA:99,1
DA:100,0
DA:103,1
DA:105,0
DA:110,0
DA:111,0
DA:114,0
DA:118,0
DA:119,0
DA:122,0
DA:126,0
DA:130,0
DA:131,0
DA:132,0
DA:133,0
DA:134,0
DA:135,0
LF:59
LH:42
BRDA:20,0,0,1
BRDA:20,0,1,1
BRDA:31,1,0,1
BRDA:31,1,1,0
BRDA:36,2,0,1
BRDA:36,2,1,1
BRDA:37,3,0,0
BRDA:37,3,1,0
BRDA:40,4,0,0
BRDA:40,4,1,1
BRDA:40,5,0,1
BRDA:40,5,1,1
BRDA:59,6,0,1
BRDA:59,6,1,1
BRDA:71,7,0,1
BRDA:71,7,1,2
BRDA:76,8,0,1
BRDA:76,8,1,1
BRDA:76,9,0,2
BRDA:76,9,1,1
BRDA:76,9,2,1
BRDA:76,9,3,1
BRDA:93,10,0,0
BRDA:93,10,1,1
BRDA:99,11,0,0
BRDA:99,11,1,1
BRDA:110,12,0,0
BRDA:110,12,1,0
BRDA:110,13,0,0
BRDA:110,13,1,0
BRDA:118,14,0,0
BRDA:118,14,1,0
BRDA:118,15,0,0
BRDA:118,15,1,0
BRF:34
BRH:20
end_of_record
TN:
SF:/home/rolf/Documents/school/iapc/swipe/swipe/frontend/src/tools/sagaTestHelpers.js
FN:2,(anonymous_0)
FN:3,(anonymous_1)
FN:5,(anonymous_2)
FN:5,(anonymous_3)
FN:6,(anonymous_4)
FN:6,(anonymous_5)
FN:8,(anonymous_6)
FN:20,(anonymous_7)
FNF:8
FNH:8
FNDA:14,(anonymous_0)
FNDA:7,(anonymous_1)
FNDA:3,(anonymous_2)
FNDA:3,(anonymous_3)
FNDA:18,(anonymous_4)
FNDA:18,(anonymous_5)
FNDA:21,(anonymous_6)
FNDA:5,(anonymous_7)
DA:2,14
DA:3,7
DA:5,3
DA:6,18
DA:8,1
DA:9,21
DA:11,21
DA:12,42
DA:13,42
DA:17,21
DA:20,1
DA:21,5
DA:23,5
DA:24,8
DA:25,8
DA:29,5
LF:16
LH:16
BRDA:12,0,0,42
BRDA:12,0,1,0
BRDA:24,1,0,8
BRDA:24,1,1,0
BRF:4
BRH:2
end_of_record
